{
  "RSpec": {
    "coverage": {
      "/home/rehmanali/tic-tac-toe-rb-online-web-sp-000/lib/tic_tac_toe.rb": [
        null,
        1,
        null,
        null,
        null,
        null,
        null,
        null,
        null,
        null,
        null,
        1,
        4,
        4,
        4,
        4,
        4,
        null,
        null,
        1,
        6,
        null,
        null,
        1,
        5,
        null,
        null,
        1,
        8,
        5,
        3,
        3,
        null,
        null,
        null,
        1,
        6,
        3,
        null,
        3,
        null,
        null,
        null,
        1,
        3,
        3,
        3,
        3,
        2,
        2,
        null,
        1,
        null,
        null,
        null,
        1,
        4,
        4,
        36,
        5,
        null,
        null,
        4,
        null,
        null,
        1,
        3,
        3,
        null,
        0,
        null,
        null,
        null,
        1,
        16,
        312,
        6,
        252,
        2,
        null,
        null,
        8,
        null,
        null,
        1,
        49,
        4,
        null,
        null,
        null,
        1,
        7,
        3,
        null,
        null,
        null,
        1,
        3,
        2,
        null,
        null,
        null,
        1,
        3,
        2,
        null,
        null,
        null,
        1,
        0,
        null,
        null
      ]
    },
    "timestamp": 1562717654
  }
}
