{
  "RSpec": {
    "coverage": {
      "/home/rehmanali/tic-tac-toe-rb-online-web-sp-000/lib/tic_tac_toe.rb": [
        null,
        1,
        null,
        null,
        null,
        null,
        null,
        null,
        null,
        null,
        null,
        1,
        2,
        2,
        2,
        2,
        2,
        null,
        null,
        1,
        3,
        null,
        null,
        1,
        4,
        null,
        null,
        1,
        6,
        3,
        3,
        3,
        null,
        null,
        null,
        1,
        3,
        1,
        null,
        2,
        null,
        null
      ]
    },
    "timestamp": 1562716870
  }
}
